<html>
<head>
<title>TestNG:  CH_LoginTest</title>
<link href="../testng.css" rel="stylesheet" type="text/css" />
<link href="../my-testng.css" rel="stylesheet" type="text/css" />

<style type="text/css">
.log { display: none;} 
.stack-trace { display: none;} 
</style>
<script type="text/javascript">
<!--
function flip(e) {
  current = e.style.display;
  if (current == 'block') {
    e.style.display = 'none';
    return 0;
  }
  else {
    e.style.display = 'block';
    return 1;
  }
}

function toggleBox(szDivId, elem, msg1, msg2)
{
  var res = -1;  if (document.getElementById) {
    res = flip(document.getElementById(szDivId));
  }
  else if (document.all) {
    // this is the way old msie versions work
    res = flip(document.all[szDivId]);
  }
  if(elem) {
    if(res == 0) elem.innerHTML = msg1; else elem.innerHTML = msg2;
  }

}

function toggleAllBoxes() {
  if (document.getElementsByTagName) {
    d = document.getElementsByTagName('div');
    for (i = 0; i < d.length; i++) {
      if (d[i].className == 'log') {
        flip(d[i]);
      }
    }
  }
}

// -->
</script>

</head>
<body>
<h2 align='center'>CH_LoginTest</h2><table border='1' align="center">
<tr>
<td>Tests passed/Failed/Skipped:</td><td>7/1/0</td>
</tr><tr>
<td>Started on:</td><td>Fri Sep 06 20:59:52 SAST 2024</td>
</tr>
<tr><td>Total time:</td><td>53 seconds (53414 ms)</td>
</tr><tr>
<td>Included groups:</td><td>master </td>
</tr><tr>
<td>Excluded groups:</td><td></td>
</tr>
</table><p/>
<small><i>(Hover the method name to see the test class name)</i></small><p/>
<table width='100%' border='1' class='invocation-failed'>
<tr><td colspan='4' align='center'><b>FAILED TESTS</b></td></tr>
<tr><td><b>Test method</b></td>
<td><b>Attribute(s)</b></td>
<td width="30%"><b>Exception</b></td>
<td width="10%"><b>Time (seconds)</b></td>
<td><b>Instance</b></td>
</tr>
<tr>
<td title='com.herokuapp.theinternet.testCases.ContextTests.contextClickTest()'><b>contextClickTest</b><br>Test class: com.herokuapp.theinternet.testCases.ContextTests</td>
<td><div><pre>java.lang.AssertionError: The following asserts failed:
	No match expected [You selected a context memnu] but found [You selected a context menu]
	at com.herokuapp.theinternet.testCases.ContextTests.contextClickTest(ContextTests.java:22)
	at java.base/java.util.ArrayList.forEach(ArrayList.java:1596)
... Removed 27 stack frames</pre></div><a href='#' onClick='toggleBox("stack-trace698977695", this, "Click to show all stack frames", "Click to hide stack frames")'>Click to show all stack frames</a>
<div class='stack-trace' id='stack-trace698977695'><pre>java.lang.AssertionError: The following asserts failed:
	No match expected [You selected a context memnu] but found [You selected a context menu]
	at org.testng.asserts.SoftAssert.assertAll(SoftAssert.java:46)
	at org.testng.asserts.SoftAssert.assertAll(SoftAssert.java:30)
	at com.herokuapp.theinternet.testCases.ContextTests.contextClickTest(ContextTests.java:22)
	at java.base/jdk.internal.reflect.DirectMethodHandleAccessor.invoke(DirectMethodHandleAccessor.java:103)
	at java.base/java.lang.reflect.Method.invoke(Method.java:580)
	at org.testng.internal.invokers.MethodInvocationHelper.invokeMethod(MethodInvocationHelper.java:141)
	at org.testng.internal.invokers.TestInvoker.invokeMethod(TestInvoker.java:686)
	at org.testng.internal.invokers.TestInvoker.invokeTestMethod(TestInvoker.java:230)
	at org.testng.internal.invokers.MethodRunner.runInSequence(MethodRunner.java:63)
	at org.testng.internal.invokers.TestInvoker$MethodInvocationAgent.invoke(TestInvoker.java:992)
	at org.testng.internal.invokers.TestInvoker.invokeTestMethods(TestInvoker.java:203)
	at org.testng.internal.invokers.TestMethodWorker.invokeTestMethods(TestMethodWorker.java:154)
	at org.testng.internal.invokers.TestMethodWorker.run(TestMethodWorker.java:134)
	at java.base/java.util.ArrayList.forEach(ArrayList.java:1596)
	at org.testng.TestRunner.privateRun(TestRunner.java:739)
	at org.testng.TestRunner.run(TestRunner.java:614)
	at org.testng.SuiteRunner.runTest(SuiteRunner.java:421)
	at org.testng.SuiteRunner.runSequentially(SuiteRunner.java:413)
	at org.testng.SuiteRunner.privateRun(SuiteRunner.java:373)
	at org.testng.SuiteRunner.run(SuiteRunner.java:312)
	at org.testng.SuiteRunnerWorker.runSuite(SuiteRunnerWorker.java:52)
	at org.testng.SuiteRunnerWorker.run(SuiteRunnerWorker.java:95)
	at org.testng.TestNG.runSuitesSequentially(TestNG.java:1274)
	at org.testng.TestNG.runSuitesLocally(TestNG.java:1208)
	at org.testng.TestNG.runSuites(TestNG.java:1112)
	at org.testng.TestNG.run(TestNG.java:1079)
	at org.testng.remote.AbstractRemoteTestNG.run(AbstractRemoteTestNG.java:115)
	at org.testng.remote.RemoteTestNG.initAndRun(RemoteTestNG.java:293)
	at org.testng.remote.RemoteTestNG.main(RemoteTestNG.java:91)
</pre></div></td>
<td>0</td>
<td>com.herokuapp.theinternet.testCases.ContextTests@fbd1f6</td></tr>
</table><p>
<table width='100%' border='1' class='invocation-passed'>
<tr><td colspan='4' align='center'><b>PASSED TESTS</b></td></tr>
<tr><td><b>Test method</b></td>
<td><b>Attribute(s)</b></td>
<td width="30%"><b>Exception</b></td>
<td width="10%"><b>Time (seconds)</b></td>
<td><b>Instance</b></td>
</tr>
<tr>
<td title='com.herokuapp.theinternet.testCases.LoginTests.negativeLoginTestCSV()'><b>negativeLoginTestCSV</b><br>Test class: com.herokuapp.theinternet.testCases.LoginTests<br>Parameters: {Validity=Negative, password=, expectedMessage=Your password is invalid!, username=tomsmith}</td>
<td></td>
<td>1</td>
<td>com.herokuapp.theinternet.testCases.LoginTests@1ce24091</td></tr>
<tr>
<td title='com.herokuapp.theinternet.testCases.CheckboxTests.uncheckAllCheckboxes()'><b>uncheckAllCheckboxes</b><br>Test class: com.herokuapp.theinternet.testCases.CheckboxTests</td>
<td></td>
<td>0</td>
<td>com.herokuapp.theinternet.testCases.CheckboxTests@5dda768f</td></tr>
<tr>
<td title='com.herokuapp.theinternet.testCases.DragNDropTests.dragNDropTest()'><b>dragNDropTest</b><br>Test class: com.herokuapp.theinternet.testCases.DragNDropTests</td>
<td></td>
<td>0</td>
<td>com.herokuapp.theinternet.testCases.DragNDropTests@1c1bbc4e</td></tr>
<tr>
<td title='com.herokuapp.theinternet.testCases.CheckboxTests.checkAllCheckboxes()'><b>checkAllCheckboxes</b><br>Test class: com.herokuapp.theinternet.testCases.CheckboxTests</td>
<td></td>
<td>0</td>
<td>com.herokuapp.theinternet.testCases.CheckboxTests@5dda768f</td></tr>
<tr>
<td title='com.herokuapp.theinternet.testCases.DropDownTests.DropDownTest()'><b>DropDownTest</b><br>Test class: com.herokuapp.theinternet.testCases.DropDownTests</td>
<td></td>
<td>0</td>
<td>com.herokuapp.theinternet.testCases.DropDownTests@55fe41ea</td></tr>
<tr>
<td title='com.herokuapp.theinternet.testCases.DynamicLoadingTests.dynamicLoadingTest()'><b>dynamicLoadingTest</b><br>Test class: com.herokuapp.theinternet.testCases.DynamicLoadingTests</td>
<td></td>
<td>6</td>
<td>com.herokuapp.theinternet.testCases.DynamicLoadingTests@10683d9d</td></tr>
<tr>
<td title='com.herokuapp.theinternet.testCases.LoginTests.negativeLoginTestCSV()'><b>negativeLoginTestCSV</b><br>Test class: com.herokuapp.theinternet.testCases.LoginTests<br>Parameters: {Validity=Negative, password=SuperSecretPassword!, expectedMessage=Your username is invalid!, username=}</td>
<td></td>
<td>1</td>
<td>com.herokuapp.theinternet.testCases.LoginTests@1ce24091</td></tr>
</table><p>
</body>
</html>