<?xml version="1.0" encoding="UTF-8"?>
<!-- Generated by org.testng.reporters.JUnitXMLReporter -->
<testsuite ignored="5" hostname="DESKTOP-8I169PA" failures="1" tests="8" name="CH_LoginTest" time="53.414" errors="0" timestamp="2024-09-06T21:00:46 SAST">
  <testcase classname="com.herokuapp.theinternet.testCases.DynamicLoadingTests" name="dynamicLoadingTest" time="6.43"/>
  <testcase classname="com.herokuapp.theinternet.testCases.DragNDropTests" name="dragNDropTest" time="0.532"/>
  <testcase classname="com.herokuapp.theinternet.testCases.DropDownTests" name="DropDownTest" time="0.596"/>
  <testcase classname="com.herokuapp.theinternet.testCases.ContextTests" name="contextClickTest" time="0.65">
    <failure type="java.lang.AssertionError" message="The following asserts failed:
	No match expected [You selected a context memnu] but found [You selected a context menu]">
      <![CDATA[java.lang.AssertionError: The following asserts failed:
No match expected [You selected a context memnu] but found [You selected a context menu]
at com.herokuapp.theinternet.testCases.ContextTests.contextClickTest(ContextTests.java:22)
at java.base/java.util.ArrayList.forEach(ArrayList.java:1596)
... Removed 27 stack frames]]>
    </failure>
  </testcase> <!-- contextClickTest -->
  <testcase classname="com.herokuapp.theinternet.testCases.LoginTests" name="negativeLoginTestCSV" time="1.954"/>
  <testcase classname="com.herokuapp.theinternet.testCases.LoginTests" name="negativeLoginTestCSV" time="1.758"/>
  <testcase classname="com.herokuapp.theinternet.testCases.CheckboxTests" name="checkAllCheckboxes" time="0.55"/>
  <testcase classname="com.herokuapp.theinternet.testCases.CheckboxTests" name="uncheckAllCheckboxes" time="0.563"/>
  <testcase classname="com.herokuapp.theinternet.testCases.LoginTests" name="negativeLoginTest" time="0.0">
    <ignored/>
  </testcase> <!-- negativeLoginTest -->
  <testcase classname="com.herokuapp.theinternet.testCases.LoginTests" name="positiveLoginTest" time="0.0">
    <ignored/>
  </testcase> <!-- positiveLoginTest -->
  <testcase classname="com.herokuapp.theinternet.testCases.iFrameTests" name="iframeTest" time="0.0">
    <ignored/>
  </testcase> <!-- iframeTest -->
  <testcase classname="com.herokuapp.theinternet.testCases.iFrameTests" name="nestedFramesTest" time="0.0">
    <ignored/>
  </testcase> <!-- nestedFramesTest -->
  <testcase classname="com.herokuapp.theinternet.testCases.LoginTests" name="negativeLoginTestExcel" time="0.0">
    <ignored/>
  </testcase> <!-- negativeLoginTestExcel -->
</testsuite> <!-- CH_LoginTest -->
