<?xml version="1.0" encoding="UTF-8"?>
<!-- Generated by org.testng.reporters.JUnitXMLReporter -->
<testsuite ignored="7" hostname="DESKTOP-8I169PA" failures="1" tests="21" name="CH_Master_Tests" time="126.348" errors="0" timestamp="2024-09-09T12:10:01 SAST">
  <testcase classname="com.herokuapp.theinternet.testCases.GeolocationTests" name="geolocationTest" time="0.959"/>
  <testcase classname="com.herokuapp.theinternet.testCases.SortableTablesTests" name="sortableTablesTest" time="0.762"/>
  <testcase classname="com.herokuapp.theinternet.testCases.ShadowDomTests" name="shadowDomTest" time="0.466"/>
  <testcase classname="com.herokuapp.theinternet.testCases.NotificationMessagesTests" name="notificationMessagesTest" time="1.97"/>
  <testcase classname="com.herokuapp.theinternet.testCases.JSAlertsTests" name="jsConfirmTests" time="0.931"/>
  <testcase classname="com.herokuapp.theinternet.testCases.HorizontalSlidersTest" name="horizontalSliderTest" time="0.771"/>
  <testcase classname="com.herokuapp.theinternet.testCases.FileUploadTests" name="fileUploadTests" time="1.119"/>
  <testcase classname="com.herokuapp.theinternet.testCases.EntryAdTests" name="entryAdTests" time="2.109"/>
  <testcase classname="com.herokuapp.theinternet.testCases.DynamicLoadingTests" name="dynamicLoadingTest" time="6.417"/>
  <testcase classname="com.herokuapp.theinternet.testCases.DropDownTests" name="dropDownTest" time="0.588"/>
  <testcase classname="com.herokuapp.theinternet.testCases.ContextTests" name="contextClickTest" time="0.579">
    <failure type="java.lang.AssertionError" message="The following asserts failed:
	No match expected [You selected a context memnu] but found [You selected a context menu]">
      <![CDATA[java.lang.AssertionError: The following asserts failed:
No match expected [You selected a context memnu] but found [You selected a context menu]
at com.herokuapp.theinternet.testCases.ContextTests.contextClickTest(ContextTests.java:22)
at java.base/java.util.ArrayList.forEach(ArrayList.java:1596)
... Removed 27 stack frames]]>
    </failure>
  </testcase> <!-- contextClickTest -->
  <testcase classname="com.herokuapp.theinternet.testCases.LoginTests" name="negativeLoginTest" time="1.815"/>
  <testcase classname="com.herokuapp.theinternet.testCases.LoginTests" name="negativeLoginTest" time="1.852"/>
  <testcase classname="com.herokuapp.theinternet.testCases.LoginTests" name="negativeLoginTest" time="1.487"/>
  <testcase classname="com.herokuapp.theinternet.testCases.LoginTests" name="negativeLoginTestExcel" time="1.904"/>
  <testcase classname="com.herokuapp.theinternet.testCases.LoginTests" name="negativeLoginTestExcel" time="1.705"/>
  <testcase classname="com.herokuapp.theinternet.testCases.LoginTests" name="positiveLoginTest" time="2.555"/>
  <testcase classname="com.herokuapp.theinternet.testCases.CheckboxTests" name="checkAllCheckboxes" time="0.577"/>
  <testcase classname="com.herokuapp.theinternet.testCases.CheckboxTests" name="uncheckAllCheckboxes" time="0.553"/>
  <testcase classname="com.herokuapp.theinternet.testCases.iFrameTests" name="iframeTest" time="2.703"/>
  <testcase classname="com.herokuapp.theinternet.testCases.iFrameTests" name="nestedFramesTest" time="1.646"/>
  <testcase classname="com.herokuapp.theinternet.testCases.LoginTests" name="negativeLoginTestCSV" time="0.0">
    <ignored/>
  </testcase> <!-- negativeLoginTestCSV -->
  <testcase classname="com.herokuapp.theinternet.testCases.JSAlertsTests" name="jsAlertTests" time="0.0">
    <ignored/>
  </testcase> <!-- jsAlertTests -->
  <testcase classname="com.herokuapp.theinternet.testCases.KeyPressesTests" name="keyPressesTests" time="0.0">
    <ignored/>
  </testcase> <!-- keyPressesTests -->
  <testcase classname="com.herokuapp.theinternet.testCases.DragNDropTests" name="dragNDropTest" time="0.0">
    <ignored/>
  </testcase> <!-- dragNDropTest -->
  <testcase classname="com.herokuapp.theinternet.testCases.MultipleWindowsTests" name="multipleWindowTest" time="0.0">
    <ignored/>
  </testcase> <!-- multipleWindowTest -->
  <testcase classname="com.herokuapp.theinternet.testCases.JSAlertsTests" name="jsPromptTests" time="0.0">
    <ignored/>
  </testcase> <!-- jsPromptTests -->
  <testcase classname="com.herokuapp.theinternet.testCases.HoversTests" name="hoversTest" time="0.0">
    <ignored/>
  </testcase> <!-- hoversTest -->
</testsuite> <!-- CH_Master_Tests -->
